The system is: Linux - 5.3.0-45-generic - x86_64
Compiling the C compiler identification source file "CMakeCCompilerId.c" succeeded.
Compiler: /usr/bin/cc 
Build flags: 
Id flags:  

The output was:
0


Compilation of the C compiler identification source "CMakeCCompilerId.c" produced "a.out"

The C compiler identification is GNU, found in "/home/sid/proj/sadenstein/build/CMakeFiles/3.10.2/CompilerIdC/a.out"

Compiling the CXX compiler identification source file "CMakeCXXCompilerId.cpp" succeeded.
Compiler: /usr/bin/c++ 
Build flags: 
Id flags:  

The output was:
0


Compilation of the CXX compiler identification source "CMakeCXXCompilerId.cpp" produced "a.out"

The CXX compiler identification is GNU, found in "/home/sid/proj/sadenstein/build/CMakeFiles/3.10.2/CompilerIdCXX/a.out"

Determining if the C compiler works passed with the following output:
Change Dir: /home/sid/proj/sadenstein/build/CMakeFiles/CMakeTmp

Run Build Command:"/usr/bin/make" "cmTC_20175/fast"
/usr/bin/make -f CMakeFiles/cmTC_20175.dir/build.make CMakeFiles/cmTC_20175.dir/build
make[1]: Entering directory '/home/sid/proj/sadenstein/build/CMakeFiles/CMakeTmp'
Building C object CMakeFiles/cmTC_20175.dir/testCCompiler.c.o
/usr/bin/cc    -o CMakeFiles/cmTC_20175.dir/testCCompiler.c.o   -c /home/sid/proj/sadenstein/build/CMakeFiles/CMakeTmp/testCCompiler.c
Linking C executable cmTC_20175
/usr/bin/cmake -E cmake_link_script CMakeFiles/cmTC_20175.dir/link.txt --verbose=1
/usr/bin/cc      -rdynamic CMakeFiles/cmTC_20175.dir/testCCompiler.c.o  -o cmTC_20175 
make[1]: Leaving directory '/home/sid/proj/sadenstein/build/CMakeFiles/CMakeTmp'


Detecting C compiler ABI info compiled with the following output:
Change Dir: /home/sid/proj/sadenstein/build/CMakeFiles/CMakeTmp

Run Build Command:"/usr/bin/make" "cmTC_f98ba/fast"
/usr/bin/make -f CMakeFiles/cmTC_f98ba.dir/build.make CMakeFiles/cmTC_f98ba.dir/build
make[1]: Entering directory '/home/sid/proj/sadenstein/build/CMakeFiles/CMakeTmp'
Building C object CMakeFiles/cmTC_f98ba.dir/CMakeCCompilerABI.c.o
/usr/bin/cc    -o CMakeFiles/cmTC_f98ba.dir/CMakeCCompilerABI.c.o   -c /usr/share/cmake-3.10/Modules/CMakeCCompilerABI.c
Linking C executable cmTC_f98ba
/usr/bin/cmake -E cmake_link_script CMakeFiles/cmTC_f98ba.dir/link.txt --verbose=1
/usr/bin/cc     -v -rdynamic CMakeFiles/cmTC_f98ba.dir/CMakeCCompilerABI.c.o  -o cmTC_f98ba 
Using built-in specs.
COLLECT_GCC=/usr/bin/cc
COLLECT_LTO_WRAPPER=/usr/lib/gcc/x86_64-linux-gnu/7/lto-wrapper
OFFLOAD_TARGET_NAMES=nvptx-none
OFFLOAD_TARGET_DEFAULT=1
Target: x86_64-linux-gnu
Configured with: ../src/configure -v --with-pkgversion='Ubuntu 7.5.0-3ubuntu1~18.04' --with-bugurl=file:///usr/share/doc/gcc-7/README.Bugs --enable-languages=c,ada,c++,go,brig,d,fortran,objc,obj-c++ --prefix=/usr --with-gcc-major-version-only --program-suffix=-7 --program-prefix=x86_64-linux-gnu- --enable-shared --enable-linker-build-id --libexecdir=/usr/lib --without-included-gettext --enable-threads=posix --libdir=/usr/lib --enable-nls --enable-bootstrap --enable-clocale=gnu --enable-libstdcxx-debug --enable-libstdcxx-time=yes --with-default-libstdcxx-abi=new --enable-gnu-unique-object --disable-vtable-verify --enable-libmpx --enable-plugin --enable-default-pie --with-system-zlib --with-target-system-zlib --enable-objc-gc=auto --enable-multiarch --disable-werror --with-arch-32=i686 --with-abi=m64 --with-multilib-list=m32,m64,mx32 --enable-multilib --with-tune=generic --enable-offload-targets=nvptx-none --without-cuda-driver --enable-checking=release --build=x86_64-linux-gnu --host=x86_64-linux-gnu --target=x86_64-linux-gnu
Thread model: posix
gcc version 7.5.0 (Ubuntu 7.5.0-3ubuntu1~18.04) 
COMPILER_PATH=/usr/lib/gcc/x86_64-linux-gnu/7/:/usr/lib/gcc/x86_64-linux-gnu/7/:/usr/lib/gcc/x86_64-linux-gnu/:/usr/lib/gcc/x86_64-linux-gnu/7/:/usr/lib/gcc/x86_64-linux-gnu/
LIBRARY_PATH=/usr/lib/gcc/x86_64-linux-gnu/7/:/usr/lib/gcc/x86_64-linux-gnu/7/../../../x86_64-linux-gnu/:/usr/lib/gcc/x86_64-linux-gnu/7/../../../../lib/:/lib/x86_64-linux-gnu/:/lib/../lib/:/usr/lib/x86_64-linux-gnu/:/usr/lib/../lib/:/usr/lib/gcc/x86_64-linux-gnu/7/../../../:/lib/:/usr/lib/
COLLECT_GCC_OPTIONS='-v' '-rdynamic' '-o' 'cmTC_f98ba' '-mtune=generic' '-march=x86-64'
 /usr/lib/gcc/x86_64-linux-gnu/7/collect2 -plugin /usr/lib/gcc/x86_64-linux-gnu/7/liblto_plugin.so -plugin-opt=/usr/lib/gcc/x86_64-linux-gnu/7/lto-wrapper -plugin-opt=-fresolution=/tmp/ccTjImaw.res -plugin-opt=-pass-through=-lgcc -plugin-opt=-pass-through=-lgcc_s -plugin-opt=-pass-through=-lc -plugin-opt=-pass-through=-lgcc -plugin-opt=-pass-through=-lgcc_s --build-id --eh-frame-hdr -m elf_x86_64 --hash-style=gnu --as-needed -export-dynamic -dynamic-linker /lib64/ld-linux-x86-64.so.2 -pie -z now -z relro -o cmTC_f98ba /usr/lib/gcc/x86_64-linux-gnu/7/../../../x86_64-linux-gnu/Scrt1.o /usr/lib/gcc/x86_64-linux-gnu/7/../../../x86_64-linux-gnu/crti.o /usr/lib/gcc/x86_64-linux-gnu/7/crtbeginS.o -L/usr/lib/gcc/x86_64-linux-gnu/7 -L/usr/lib/gcc/x86_64-linux-gnu/7/../../../x86_64-linux-gnu -L/usr/lib/gcc/x86_64-linux-gnu/7/../../../../lib -L/lib/x86_64-linux-gnu -L/lib/../lib -L/usr/lib/x86_64-linux-gnu -L/usr/lib/../lib -L/usr/lib/gcc/x86_64-linux-gnu/7/../../.. CMakeFiles/cmTC_f98ba.dir/CMakeCCompilerABI.c.o -lgcc --push-state --as-needed -lgcc_s --pop-state -lc -lgcc --push-state --as-needed -lgcc_s --pop-state /usr/lib/gcc/x86_64-linux-gnu/7/crtendS.o /usr/lib/gcc/x86_64-linux-gnu/7/../../../x86_64-linux-gnu/crtn.o
COLLECT_GCC_OPTIONS='-v' '-rdynamic' '-o' 'cmTC_f98ba' '-mtune=generic' '-march=x86-64'
make[1]: Leaving directory '/home/sid/proj/sadenstein/build/CMakeFiles/CMakeTmp'


Parsed C implicit link information from above output:
  link line regex: [^( *|.*[/\])(ld|CMAKE_LINK_STARTFILE-NOTFOUND|([^/\]+-)?ld|collect2)[^/\]*( |$)]
  ignore line: [Change Dir: /home/sid/proj/sadenstein/build/CMakeFiles/CMakeTmp]
  ignore line: []
  ignore line: [Run Build Command:"/usr/bin/make" "cmTC_f98ba/fast"]
  ignore line: [/usr/bin/make -f CMakeFiles/cmTC_f98ba.dir/build.make CMakeFiles/cmTC_f98ba.dir/build]
  ignore line: [make[1]: Entering directory '/home/sid/proj/sadenstein/build/CMakeFiles/CMakeTmp']
  ignore line: [Building C object CMakeFiles/cmTC_f98ba.dir/CMakeCCompilerABI.c.o]
  ignore line: [/usr/bin/cc    -o CMakeFiles/cmTC_f98ba.dir/CMakeCCompilerABI.c.o   -c /usr/share/cmake-3.10/Modules/CMakeCCompilerABI.c]
  ignore line: [Linking C executable cmTC_f98ba]
  ignore line: [/usr/bin/cmake -E cmake_link_script CMakeFiles/cmTC_f98ba.dir/link.txt --verbose=1]
  ignore line: [/usr/bin/cc     -v -rdynamic CMakeFiles/cmTC_f98ba.dir/CMakeCCompilerABI.c.o  -o cmTC_f98ba ]
  ignore line: [Using built-in specs.]
  ignore line: [COLLECT_GCC=/usr/bin/cc]
  ignore line: [COLLECT_LTO_WRAPPER=/usr/lib/gcc/x86_64-linux-gnu/7/lto-wrapper]
  ignore line: [OFFLOAD_TARGET_NAMES=nvptx-none]
  ignore line: [OFFLOAD_TARGET_DEFAULT=1]
  ignore line: [Target: x86_64-linux-gnu]
  ignore line: [Configured with: ../src/configure -v --with-pkgversion='Ubuntu 7.5.0-3ubuntu1~18.04' --with-bugurl=file:///usr/share/doc/gcc-7/README.Bugs --enable-languages=c,ada,c++,go,brig,d,fortran,objc,obj-c++ --prefix=/usr --with-gcc-major-version-only --program-suffix=-7 --program-prefix=x86_64-linux-gnu- --enable-shared --enable-linker-build-id --libexecdir=/usr/lib --without-included-gettext --enable-threads=posix --libdir=/usr/lib --enable-nls --enable-bootstrap --enable-clocale=gnu --enable-libstdcxx-debug --enable-libstdcxx-time=yes --with-default-libstdcxx-abi=new --enable-gnu-unique-object --disable-vtable-verify --enable-libmpx --enable-plugin --enable-default-pie --with-system-zlib --with-target-system-zlib --enable-objc-gc=auto --enable-multiarch --disable-werror --with-arch-32=i686 --with-abi=m64 --with-multilib-list=m32,m64,mx32 --enable-multilib --with-tune=generic --enable-offload-targets=nvptx-none --without-cuda-driver --enable-checking=release --build=x86_64-linux-gnu --host=x86_64-linux-gnu --target=x86_64-linux-gnu]
  ignore line: [Thread model: posix]
  ignore line: [gcc version 7.5.0 (Ubuntu 7.5.0-3ubuntu1~18.04) ]
  ignore line: [COMPILER_PATH=/usr/lib/gcc/x86_64-linux-gnu/7/:/usr/lib/gcc/x86_64-linux-gnu/7/:/usr/lib/gcc/x86_64-linux-gnu/:/usr/lib/gcc/x86_64-linux-gnu/7/:/usr/lib/gcc/x86_64-linux-gnu/]
  ignore line: [LIBRARY_PATH=/usr/lib/gcc/x86_64-linux-gnu/7/:/usr/lib/gcc/x86_64-linux-gnu/7/../../../x86_64-linux-gnu/:/usr/lib/gcc/x86_64-linux-gnu/7/../../../../lib/:/lib/x86_64-linux-gnu/:/lib/../lib/:/usr/lib/x86_64-linux-gnu/:/usr/lib/../lib/:/usr/lib/gcc/x86_64-linux-gnu/7/../../../:/lib/:/usr/lib/]
  ignore line: [COLLECT_GCC_OPTIONS='-v' '-rdynamic' '-o' 'cmTC_f98ba' '-mtune=generic' '-march=x86-64']
  link line: [ /usr/lib/gcc/x86_64-linux-gnu/7/collect2 -plugin /usr/lib/gcc/x86_64-linux-gnu/7/liblto_plugin.so -plugin-opt=/usr/lib/gcc/x86_64-linux-gnu/7/lto-wrapper -plugin-opt=-fresolution=/tmp/ccTjImaw.res -plugin-opt=-pass-through=-lgcc -plugin-opt=-pass-through=-lgcc_s -plugin-opt=-pass-through=-lc -plugin-opt=-pass-through=-lgcc -plugin-opt=-pass-through=-lgcc_s --build-id --eh-frame-hdr -m elf_x86_64 --hash-style=gnu --as-needed -export-dynamic -dynamic-linker /lib64/ld-linux-x86-64.so.2 -pie -z now -z relro -o cmTC_f98ba /usr/lib/gcc/x86_64-linux-gnu/7/../../../x86_64-linux-gnu/Scrt1.o /usr/lib/gcc/x86_64-linux-gnu/7/../../../x86_64-linux-gnu/crti.o /usr/lib/gcc/x86_64-linux-gnu/7/crtbeginS.o -L/usr/lib/gcc/x86_64-linux-gnu/7 -L/usr/lib/gcc/x86_64-linux-gnu/7/../../../x86_64-linux-gnu -L/usr/lib/gcc/x86_64-linux-gnu/7/../../../../lib -L/lib/x86_64-linux-gnu -L/lib/../lib -L/usr/lib/x86_64-linux-gnu -L/usr/lib/../lib -L/usr/lib/gcc/x86_64-linux-gnu/7/../../.. CMakeFiles/cmTC_f98ba.dir/CMakeCCompilerABI.c.o -lgcc --push-state --as-needed -lgcc_s --pop-state -lc -lgcc --push-state --as-needed -lgcc_s --pop-state /usr/lib/gcc/x86_64-linux-gnu/7/crtendS.o /usr/lib/gcc/x86_64-linux-gnu/7/../../../x86_64-linux-gnu/crtn.o]
    arg [/usr/lib/gcc/x86_64-linux-gnu/7/collect2] ==> ignore
    arg [-plugin] ==> ignore
    arg [/usr/lib/gcc/x86_64-linux-gnu/7/liblto_plugin.so] ==> ignore
    arg [-plugin-opt=/usr/lib/gcc/x86_64-linux-gnu/7/lto-wrapper] ==> ignore
    arg [-plugin-opt=-fresolution=/tmp/ccTjImaw.res] ==> ignore
    arg [-plugin-opt=-pass-through=-lgcc] ==> ignore
    arg [-plugin-opt=-pass-through=-lgcc_s] ==> ignore
    arg [-plugin-opt=-pass-through=-lc] ==> ignore
    arg [-plugin-opt=-pass-through=-lgcc] ==> ignore
    arg [-plugin-opt=-pass-through=-lgcc_s] ==> ignore
    arg [--build-id] ==> ignore
    arg [--eh-frame-hdr] ==> ignore
    arg [-m] ==> ignore
    arg [elf_x86_64] ==> ignore
    arg [--hash-style=gnu] ==> ignore
    arg [--as-needed] ==> ignore
    arg [-export-dynamic] ==> ignore
    arg [-dynamic-linker] ==> ignore
    arg [/lib64/ld-linux-x86-64.so.2] ==> ignore
    arg [-pie] ==> ignore
    arg [-znow] ==> ignore
    arg [-zrelro] ==> ignore
    arg [-o] ==> ignore
    arg [cmTC_f98ba] ==> ignore
    arg [/usr/lib/gcc/x86_64-linux-gnu/7/../../../x86_64-linux-gnu/Scrt1.o] ==> ignore
    arg [/usr/lib/gcc/x86_64-linux-gnu/7/../../../x86_64-linux-gnu/crti.o] ==> ignore
    arg [/usr/lib/gcc/x86_64-linux-gnu/7/crtbeginS.o] ==> ignore
    arg [-L/usr/lib/gcc/x86_64-linux-gnu/7] ==> dir [/usr/lib/gcc/x86_64-linux-gnu/7]
    arg [-L/usr/lib/gcc/x86_64-linux-gnu/7/../../../x86_64-linux-gnu] ==> dir [/usr/lib/gcc/x86_64-linux-gnu/7/../../../x86_64-linux-gnu]
    arg [-L/usr/lib/gcc/x86_64-linux-gnu/7/../../../../lib] ==> dir [/usr/lib/gcc/x86_64-linux-gnu/7/../../../../lib]
    arg [-L/lib/x86_64-linux-gnu] ==> dir [/lib/x86_64-linux-gnu]
    arg [-L/lib/../lib] ==> dir [/lib/../lib]
    arg [-L/usr/lib/x86_64-linux-gnu] ==> dir [/usr/lib/x86_64-linux-gnu]
    arg [-L/usr/lib/../lib] ==> dir [/usr/lib/../lib]
    arg [-L/usr/lib/gcc/x86_64-linux-gnu/7/../../..] ==> dir [/usr/lib/gcc/x86_64-linux-gnu/7/../../..]
    arg [CMakeFiles/cmTC_f98ba.dir/CMakeCCompilerABI.c.o] ==> ignore
    arg [-lgcc] ==> lib [gcc]
    arg [--push-state] ==> ignore
    arg [--as-needed] ==> ignore
    arg [-lgcc_s] ==> lib [gcc_s]
    arg [--pop-state] ==> ignore
    arg [-lc] ==> lib [c]
    arg [-lgcc] ==> lib [gcc]
    arg [--push-state] ==> ignore
    arg [--as-needed] ==> ignore
    arg [-lgcc_s] ==> lib [gcc_s]
    arg [--pop-state] ==> ignore
    arg [/usr/lib/gcc/x86_64-linux-gnu/7/crtendS.o] ==> ignore
    arg [/usr/lib/gcc/x86_64-linux-gnu/7/../../../x86_64-linux-gnu/crtn.o] ==> ignore
  collapse library dir [/usr/lib/gcc/x86_64-linux-gnu/7] ==> [/usr/lib/gcc/x86_64-linux-gnu/7]
  collapse library dir [/usr/lib/gcc/x86_64-linux-gnu/7/../../../x86_64-linux-gnu] ==> [/usr/lib/x86_64-linux-gnu]
  collapse library dir [/usr/lib/gcc/x86_64-linux-gnu/7/../../../../lib] ==> [/usr/lib]
  collapse library dir [/lib/x86_64-linux-gnu] ==> [/lib/x86_64-linux-gnu]
  collapse library dir [/lib/../lib] ==> [/lib]
  collapse library dir [/usr/lib/x86_64-linux-gnu] ==> [/usr/lib/x86_64-linux-gnu]
  collapse library dir [/usr/lib/../lib] ==> [/usr/lib]
  collapse library dir [/usr/lib/gcc/x86_64-linux-gnu/7/../../..] ==> [/usr/lib]
  implicit libs: [gcc;gcc_s;c;gcc;gcc_s]
  implicit dirs: [/usr/lib/gcc/x86_64-linux-gnu/7;/usr/lib/x86_64-linux-gnu;/usr/lib;/lib/x86_64-linux-gnu;/lib]
  implicit fwks: []




Detecting C [-std=c11] compiler features compiled with the following output:
Change Dir: /home/sid/proj/sadenstein/build/CMakeFiles/CMakeTmp

Run Build Command:"/usr/bin/make" "cmTC_81e18/fast"
/usr/bin/make -f CMakeFiles/cmTC_81e18.dir/build.make CMakeFiles/cmTC_81e18.dir/build
make[1]: Entering directory '/home/sid/proj/sadenstein/build/CMakeFiles/CMakeTmp'
Building C object CMakeFiles/cmTC_81e18.dir/feature_tests.c.o
/usr/bin/cc   -std=c11 -o CMakeFiles/cmTC_81e18.dir/feature_tests.c.o   -c /home/sid/proj/sadenstein/build/CMakeFiles/feature_tests.c
Linking C executable cmTC_81e18
/usr/bin/cmake -E cmake_link_script CMakeFiles/cmTC_81e18.dir/link.txt --verbose=1
/usr/bin/cc      -rdynamic CMakeFiles/cmTC_81e18.dir/feature_tests.c.o  -o cmTC_81e18 
make[1]: Leaving directory '/home/sid/proj/sadenstein/build/CMakeFiles/CMakeTmp'


    Feature record: C_FEATURE:1c_function_prototypes
    Feature record: C_FEATURE:1c_restrict
    Feature record: C_FEATURE:1c_static_assert
    Feature record: C_FEATURE:1c_variadic_macros


Detecting C [-std=c99] compiler features compiled with the following output:
Change Dir: /home/sid/proj/sadenstein/build/CMakeFiles/CMakeTmp

Run Build Command:"/usr/bin/make" "cmTC_a5af2/fast"
/usr/bin/make -f CMakeFiles/cmTC_a5af2.dir/build.make CMakeFiles/cmTC_a5af2.dir/build
make[1]: Entering directory '/home/sid/proj/sadenstein/build/CMakeFiles/CMakeTmp'
Building C object CMakeFiles/cmTC_a5af2.dir/feature_tests.c.o
/usr/bin/cc   -std=c99 -o CMakeFiles/cmTC_a5af2.dir/feature_tests.c.o   -c /home/sid/proj/sadenstein/build/CMakeFiles/feature_tests.c
Linking C executable cmTC_a5af2
/usr/bin/cmake -E cmake_link_script CMakeFiles/cmTC_a5af2.dir/link.txt --verbose=1
/usr/bin/cc      -rdynamic CMakeFiles/cmTC_a5af2.dir/feature_tests.c.o  -o cmTC_a5af2 
make[1]: Leaving directory '/home/sid/proj/sadenstein/build/CMakeFiles/CMakeTmp'


    Feature record: C_FEATURE:1c_function_prototypes
    Feature record: C_FEATURE:1c_restrict
    Feature record: C_FEATURE:0c_static_assert
    Feature record: C_FEATURE:1c_variadic_macros


Detecting C [-std=c90] compiler features compiled with the following output:
Change Dir: /home/sid/proj/sadenstein/build/CMakeFiles/CMakeTmp

Run Build Command:"/usr/bin/make" "cmTC_fea53/fast"
/usr/bin/make -f CMakeFiles/cmTC_fea53.dir/build.make CMakeFiles/cmTC_fea53.dir/build
make[1]: Entering directory '/home/sid/proj/sadenstein/build/CMakeFiles/CMakeTmp'
Building C object CMakeFiles/cmTC_fea53.dir/feature_tests.c.o
/usr/bin/cc   -std=c90 -o CMakeFiles/cmTC_fea53.dir/feature_tests.c.o   -c /home/sid/proj/sadenstein/build/CMakeFiles/feature_tests.c
Linking C executable cmTC_fea53
/usr/bin/cmake -E cmake_link_script CMakeFiles/cmTC_fea53.dir/link.txt --verbose=1
/usr/bin/cc      -rdynamic CMakeFiles/cmTC_fea53.dir/feature_tests.c.o  -o cmTC_fea53 
make[1]: Leaving directory '/home/sid/proj/sadenstein/build/CMakeFiles/CMakeTmp'


    Feature record: C_FEATURE:1c_function_prototypes
    Feature record: C_FEATURE:0c_restrict
    Feature record: C_FEATURE:0c_static_assert
    Feature record: C_FEATURE:0c_variadic_macros
Determining if the CXX compiler works passed with the following output:
Change Dir: /home/sid/proj/sadenstein/build/CMakeFiles/CMakeTmp

Run Build Command:"/usr/bin/make" "cmTC_6af23/fast"
/usr/bin/make -f CMakeFiles/cmTC_6af23.dir/build.make CMakeFiles/cmTC_6af23.dir/build
make[1]: Entering directory '/home/sid/proj/sadenstein/build/CMakeFiles/CMakeTmp'
Building CXX object CMakeFiles/cmTC_6af23.dir/testCXXCompiler.cxx.o
/usr/bin/c++     -o CMakeFiles/cmTC_6af23.dir/testCXXCompiler.cxx.o -c /home/sid/proj/sadenstein/build/CMakeFiles/CMakeTmp/testCXXCompiler.cxx
Linking CXX executable cmTC_6af23
/usr/bin/cmake -E cmake_link_script CMakeFiles/cmTC_6af23.dir/link.txt --verbose=1
/usr/bin/c++       -rdynamic CMakeFiles/cmTC_6af23.dir/testCXXCompiler.cxx.o  -o cmTC_6af23 
make[1]: Leaving directory '/home/sid/proj/sadenstein/build/CMakeFiles/CMakeTmp'


Detecting CXX compiler ABI info compiled with the following output:
Change Dir: /home/sid/proj/sadenstein/build/CMakeFiles/CMakeTmp

Run Build Command:"/usr/bin/make" "cmTC_ec81a/fast"
/usr/bin/make -f CMakeFiles/cmTC_ec81a.dir/build.make CMakeFiles/cmTC_ec81a.dir/build
make[1]: Entering directory '/home/sid/proj/sadenstein/build/CMakeFiles/CMakeTmp'
Building CXX object CMakeFiles/cmTC_ec81a.dir/CMakeCXXCompilerABI.cpp.o
/usr/bin/c++     -o CMakeFiles/cmTC_ec81a.dir/CMakeCXXCompilerABI.cpp.o -c /usr/share/cmake-3.10/Modules/CMakeCXXCompilerABI.cpp
Linking CXX executable cmTC_ec81a
/usr/bin/cmake -E cmake_link_script CMakeFiles/cmTC_ec81a.dir/link.txt --verbose=1
/usr/bin/c++      -v -rdynamic CMakeFiles/cmTC_ec81a.dir/CMakeCXXCompilerABI.cpp.o  -o cmTC_ec81a 
Using built-in specs.
COLLECT_GCC=/usr/bin/c++
COLLECT_LTO_WRAPPER=/usr/lib/gcc/x86_64-linux-gnu/7/lto-wrapper
OFFLOAD_TARGET_NAMES=nvptx-none
OFFLOAD_TARGET_DEFAULT=1
Target: x86_64-linux-gnu
Configured with: ../src/configure -v --with-pkgversion='Ubuntu 7.5.0-3ubuntu1~18.04' --with-bugurl=file:///usr/share/doc/gcc-7/README.Bugs --enable-languages=c,ada,c++,go,brig,d,fortran,objc,obj-c++ --prefix=/usr --with-gcc-major-version-only --program-suffix=-7 --program-prefix=x86_64-linux-gnu- --enable-shared --enable-linker-build-id --libexecdir=/usr/lib --without-included-gettext --enable-threads=posix --libdir=/usr/lib --enable-nls --enable-bootstrap --enable-clocale=gnu --enable-libstdcxx-debug --enable-libstdcxx-time=yes --with-default-libstdcxx-abi=new --enable-gnu-unique-object --disable-vtable-verify --enable-libmpx --enable-plugin --enable-default-pie --with-system-zlib --with-target-system-zlib --enable-objc-gc=auto --enable-multiarch --disable-werror --with-arch-32=i686 --with-abi=m64 --with-multilib-list=m32,m64,mx32 --enable-multilib --with-tune=generic --enable-offload-targets=nvptx-none --without-cuda-driver --enable-checking=release --build=x86_64-linux-gnu --host=x86_64-linux-gnu --target=x86_64-linux-gnu
Thread model: posix
gcc version 7.5.0 (Ubuntu 7.5.0-3ubuntu1~18.04) 
COMPILER_PATH=/usr/lib/gcc/x86_64-linux-gnu/7/:/usr/lib/gcc/x86_64-linux-gnu/7/:/usr/lib/gcc/x86_64-linux-gnu/:/usr/lib/gcc/x86_64-linux-gnu/7/:/usr/lib/gcc/x86_64-linux-gnu/
LIBRARY_PATH=/usr/lib/gcc/x86_64-linux-gnu/7/:/usr/lib/gcc/x86_64-linux-gnu/7/../../../x86_64-linux-gnu/:/usr/lib/gcc/x86_64-linux-gnu/7/../../../../lib/:/lib/x86_64-linux-gnu/:/lib/../lib/:/usr/lib/x86_64-linux-gnu/:/usr/lib/../lib/:/usr/lib/gcc/x86_64-linux-gnu/7/../../../:/lib/:/usr/lib/
COLLECT_GCC_OPTIONS='-v' '-rdynamic' '-o' 'cmTC_ec81a' '-shared-libgcc' '-mtune=generic' '-march=x86-64'
 /usr/lib/gcc/x86_64-linux-gnu/7/collect2 -plugin /usr/lib/gcc/x86_64-linux-gnu/7/liblto_plugin.so -plugin-opt=/usr/lib/gcc/x86_64-linux-gnu/7/lto-wrapper -plugin-opt=-fresolution=/tmp/ccYL3yH1.res -plugin-opt=-pass-through=-lgcc_s -plugin-opt=-pass-through=-lgcc -plugin-opt=-pass-through=-lc -plugin-opt=-pass-through=-lgcc_s -plugin-opt=-pass-through=-lgcc --build-id --eh-frame-hdr -m elf_x86_64 --hash-style=gnu --as-needed -export-dynamic -dynamic-linker /lib64/ld-linux-x86-64.so.2 -pie -z now -z relro -o cmTC_ec81a /usr/lib/gcc/x86_64-linux-gnu/7/../../../x86_64-linux-gnu/Scrt1.o /usr/lib/gcc/x86_64-linux-gnu/7/../../../x86_64-linux-gnu/crti.o /usr/lib/gcc/x86_64-linux-gnu/7/crtbeginS.o -L/usr/lib/gcc/x86_64-linux-gnu/7 -L/usr/lib/gcc/x86_64-linux-gnu/7/../../../x86_64-linux-gnu -L/usr/lib/gcc/x86_64-linux-gnu/7/../../../../lib -L/lib/x86_64-linux-gnu -L/lib/../lib -L/usr/lib/x86_64-linux-gnu -L/usr/lib/../lib -L/usr/lib/gcc/x86_64-linux-gnu/7/../../.. CMakeFiles/cmTC_ec81a.dir/CMakeCXXCompilerABI.cpp.o -lstdc++ -lm -lgcc_s -lgcc -lc -lgcc_s -lgcc /usr/lib/gcc/x86_64-linux-gnu/7/crtendS.o /usr/lib/gcc/x86_64-linux-gnu/7/../../../x86_64-linux-gnu/crtn.o
COLLECT_GCC_OPTIONS='-v' '-rdynamic' '-o' 'cmTC_ec81a' '-shared-libgcc' '-mtune=generic' '-march=x86-64'
make[1]: Leaving directory '/home/sid/proj/sadenstein/build/CMakeFiles/CMakeTmp'


Parsed CXX implicit link information from above output:
  link line regex: [^( *|.*[/\])(ld|CMAKE_LINK_STARTFILE-NOTFOUND|([^/\]+-)?ld|collect2)[^/\]*( |$)]
  ignore line: [Change Dir: /home/sid/proj/sadenstein/build/CMakeFiles/CMakeTmp]
  ignore line: []
  ignore line: [Run Build Command:"/usr/bin/make" "cmTC_ec81a/fast"]
  ignore line: [/usr/bin/make -f CMakeFiles/cmTC_ec81a.dir/build.make CMakeFiles/cmTC_ec81a.dir/build]
  ignore line: [make[1]: Entering directory '/home/sid/proj/sadenstein/build/CMakeFiles/CMakeTmp']
  ignore line: [Building CXX object CMakeFiles/cmTC_ec81a.dir/CMakeCXXCompilerABI.cpp.o]
  ignore line: [/usr/bin/c++     -o CMakeFiles/cmTC_ec81a.dir/CMakeCXXCompilerABI.cpp.o -c /usr/share/cmake-3.10/Modules/CMakeCXXCompilerABI.cpp]
  ignore line: [Linking CXX executable cmTC_ec81a]
  ignore line: [/usr/bin/cmake -E cmake_link_script CMakeFiles/cmTC_ec81a.dir/link.txt --verbose=1]
  ignore line: [/usr/bin/c++      -v -rdynamic CMakeFiles/cmTC_ec81a.dir/CMakeCXXCompilerABI.cpp.o  -o cmTC_ec81a ]
  ignore line: [Using built-in specs.]
  ignore line: [COLLECT_GCC=/usr/bin/c++]
  ignore line: [COLLECT_LTO_WRAPPER=/usr/lib/gcc/x86_64-linux-gnu/7/lto-wrapper]
  ignore line: [OFFLOAD_TARGET_NAMES=nvptx-none]
  ignore line: [OFFLOAD_TARGET_DEFAULT=1]
  ignore line: [Target: x86_64-linux-gnu]
  ignore line: [Configured with: ../src/configure -v --with-pkgversion='Ubuntu 7.5.0-3ubuntu1~18.04' --with-bugurl=file:///usr/share/doc/gcc-7/README.Bugs --enable-languages=c,ada,c++,go,brig,d,fortran,objc,obj-c++ --prefix=/usr --with-gcc-major-version-only --program-suffix=-7 --program-prefix=x86_64-linux-gnu- --enable-shared --enable-linker-build-id --libexecdir=/usr/lib --without-included-gettext --enable-threads=posix --libdir=/usr/lib --enable-nls --enable-bootstrap --enable-clocale=gnu --enable-libstdcxx-debug --enable-libstdcxx-time=yes --with-default-libstdcxx-abi=new --enable-gnu-unique-object --disable-vtable-verify --enable-libmpx --enable-plugin --enable-default-pie --with-system-zlib --with-target-system-zlib --enable-objc-gc=auto --enable-multiarch --disable-werror --with-arch-32=i686 --with-abi=m64 --with-multilib-list=m32,m64,mx32 --enable-multilib --with-tune=generic --enable-offload-targets=nvptx-none --without-cuda-driver --enable-checking=release --build=x86_64-linux-gnu --host=x86_64-linux-gnu --target=x86_64-linux-gnu]
  ignore line: [Thread model: posix]
  ignore line: [gcc version 7.5.0 (Ubuntu 7.5.0-3ubuntu1~18.04) ]
  ignore line: [COMPILER_PATH=/usr/lib/gcc/x86_64-linux-gnu/7/:/usr/lib/gcc/x86_64-linux-gnu/7/:/usr/lib/gcc/x86_64-linux-gnu/:/usr/lib/gcc/x86_64-linux-gnu/7/:/usr/lib/gcc/x86_64-linux-gnu/]
  ignore line: [LIBRARY_PATH=/usr/lib/gcc/x86_64-linux-gnu/7/:/usr/lib/gcc/x86_64-linux-gnu/7/../../../x86_64-linux-gnu/:/usr/lib/gcc/x86_64-linux-gnu/7/../../../../lib/:/lib/x86_64-linux-gnu/:/lib/../lib/:/usr/lib/x86_64-linux-gnu/:/usr/lib/../lib/:/usr/lib/gcc/x86_64-linux-gnu/7/../../../:/lib/:/usr/lib/]
  ignore line: [COLLECT_GCC_OPTIONS='-v' '-rdynamic' '-o' 'cmTC_ec81a' '-shared-libgcc' '-mtune=generic' '-march=x86-64']
  link line: [ /usr/lib/gcc/x86_64-linux-gnu/7/collect2 -plugin /usr/lib/gcc/x86_64-linux-gnu/7/liblto_plugin.so -plugin-opt=/usr/lib/gcc/x86_64-linux-gnu/7/lto-wrapper -plugin-opt=-fresolution=/tmp/ccYL3yH1.res -plugin-opt=-pass-through=-lgcc_s -plugin-opt=-pass-through=-lgcc -plugin-opt=-pass-through=-lc -plugin-opt=-pass-through=-lgcc_s -plugin-opt=-pass-through=-lgcc --build-id --eh-frame-hdr -m elf_x86_64 --hash-style=gnu --as-needed -export-dynamic -dynamic-linker /lib64/ld-linux-x86-64.so.2 -pie -z now -z relro -o cmTC_ec81a /usr/lib/gcc/x86_64-linux-gnu/7/../../../x86_64-linux-gnu/Scrt1.o /usr/lib/gcc/x86_64-linux-gnu/7/../../../x86_64-linux-gnu/crti.o /usr/lib/gcc/x86_64-linux-gnu/7/crtbeginS.o -L/usr/lib/gcc/x86_64-linux-gnu/7 -L/usr/lib/gcc/x86_64-linux-gnu/7/../../../x86_64-linux-gnu -L/usr/lib/gcc/x86_64-linux-gnu/7/../../../../lib -L/lib/x86_64-linux-gnu -L/lib/../lib -L/usr/lib/x86_64-linux-gnu -L/usr/lib/../lib -L/usr/lib/gcc/x86_64-linux-gnu/7/../../.. CMakeFiles/cmTC_ec81a.dir/CMakeCXXCompilerABI.cpp.o -lstdc++ -lm -lgcc_s -lgcc -lc -lgcc_s -lgcc /usr/lib/gcc/x86_64-linux-gnu/7/crtendS.o /usr/lib/gcc/x86_64-linux-gnu/7/../../../x86_64-linux-gnu/crtn.o]
    arg [/usr/lib/gcc/x86_64-linux-gnu/7/collect2] ==> ignore
    arg [-plugin] ==> ignore
    arg [/usr/lib/gcc/x86_64-linux-gnu/7/liblto_plugin.so] ==> ignore
    arg [-plugin-opt=/usr/lib/gcc/x86_64-linux-gnu/7/lto-wrapper] ==> ignore
    arg [-plugin-opt=-fresolution=/tmp/ccYL3yH1.res] ==> ignore
    arg [-plugin-opt=-pass-through=-lgcc_s] ==> ignore
    arg [-plugin-opt=-pass-through=-lgcc] ==> ignore
    arg [-plugin-opt=-pass-through=-lc] ==> ignore
    arg [-plugin-opt=-pass-through=-lgcc_s] ==> ignore
    arg [-plugin-opt=-pass-through=-lgcc] ==> ignore
    arg [--build-id] ==> ignore
    arg [--eh-frame-hdr] ==> ignore
    arg [-m] ==> ignore
    arg [elf_x86_64] ==> ignore
    arg [--hash-style=gnu] ==> ignore
    arg [--as-needed] ==> ignore
    arg [-export-dynamic] ==> ignore
    arg [-dynamic-linker] ==> ignore
    arg [/lib64/ld-linux-x86-64.so.2] ==> ignore
    arg [-pie] ==> ignore
    arg [-znow] ==> ignore
    arg [-zrelro] ==> ignore
    arg [-o] ==> ignore
    arg [cmTC_ec81a] ==> ignore
    arg [/usr/lib/gcc/x86_64-linux-gnu/7/../../../x86_64-linux-gnu/Scrt1.o] ==> ignore
    arg [/usr/lib/gcc/x86_64-linux-gnu/7/../../../x86_64-linux-gnu/crti.o] ==> ignore
    arg [/usr/lib/gcc/x86_64-linux-gnu/7/crtbeginS.o] ==> ignore
    arg [-L/usr/lib/gcc/x86_64-linux-gnu/7] ==> dir [/usr/lib/gcc/x86_64-linux-gnu/7]
    arg [-L/usr/lib/gcc/x86_64-linux-gnu/7/../../../x86_64-linux-gnu] ==> dir [/usr/lib/gcc/x86_64-linux-gnu/7/../../../x86_64-linux-gnu]
    arg [-L/usr/lib/gcc/x86_64-linux-gnu/7/../../../../lib] ==> dir [/usr/lib/gcc/x86_64-linux-gnu/7/../../../../lib]
    arg [-L/lib/x86_64-linux-gnu] ==> dir [/lib/x86_64-linux-gnu]
    arg [-L/lib/../lib] ==> dir [/lib/../lib]
    arg [-L/usr/lib/x86_64-linux-gnu] ==> dir [/usr/lib/x86_64-linux-gnu]
    arg [-L/usr/lib/../lib] ==> dir [/usr/lib/../lib]
    arg [-L/usr/lib/gcc/x86_64-linux-gnu/7/../../..] ==> dir [/usr/lib/gcc/x86_64-linux-gnu/7/../../..]
    arg [CMakeFiles/cmTC_ec81a.dir/CMakeCXXCompilerABI.cpp.o] ==> ignore
    arg [-lstdc++] ==> lib [stdc++]
    arg [-lm] ==> lib [m]
    arg [-lgcc_s] ==> lib [gcc_s]
    arg [-lgcc] ==> lib [gcc]
    arg [-lc] ==> lib [c]
    arg [-lgcc_s] ==> lib [gcc_s]
    arg [-lgcc] ==> lib [gcc]
    arg [/usr/lib/gcc/x86_64-linux-gnu/7/crtendS.o] ==> ignore
    arg [/usr/lib/gcc/x86_64-linux-gnu/7/../../../x86_64-linux-gnu/crtn.o] ==> ignore
  collapse library dir [/usr/lib/gcc/x86_64-linux-gnu/7] ==> [/usr/lib/gcc/x86_64-linux-gnu/7]
  collapse library dir [/usr/lib/gcc/x86_64-linux-gnu/7/../../../x86_64-linux-gnu] ==> [/usr/lib/x86_64-linux-gnu]
  collapse library dir [/usr/lib/gcc/x86_64-linux-gnu/7/../../../../lib] ==> [/usr/lib]
  collapse library dir [/lib/x86_64-linux-gnu] ==> [/lib/x86_64-linux-gnu]
  collapse library dir [/lib/../lib] ==> [/lib]
  collapse library dir [/usr/lib/x86_64-linux-gnu] ==> [/usr/lib/x86_64-linux-gnu]
  collapse library dir [/usr/lib/../lib] ==> [/usr/lib]
  collapse library dir [/usr/lib/gcc/x86_64-linux-gnu/7/../../..] ==> [/usr/lib]
  implicit libs: [stdc++;m;gcc_s;gcc;c;gcc_s;gcc]
  implicit dirs: [/usr/lib/gcc/x86_64-linux-gnu/7;/usr/lib/x86_64-linux-gnu;/usr/lib;/lib/x86_64-linux-gnu;/lib]
  implicit fwks: []




Detecting CXX [-std=c++1z] compiler features compiled with the following output:
Change Dir: /home/sid/proj/sadenstein/build/CMakeFiles/CMakeTmp

Run Build Command:"/usr/bin/make" "cmTC_ff0a4/fast"
/usr/bin/make -f CMakeFiles/cmTC_ff0a4.dir/build.make CMakeFiles/cmTC_ff0a4.dir/build
make[1]: Entering directory '/home/sid/proj/sadenstein/build/CMakeFiles/CMakeTmp'
Building CXX object CMakeFiles/cmTC_ff0a4.dir/feature_tests.cxx.o
/usr/bin/c++    -std=c++1z -o CMakeFiles/cmTC_ff0a4.dir/feature_tests.cxx.o -c /home/sid/proj/sadenstein/build/CMakeFiles/feature_tests.cxx
Linking CXX executable cmTC_ff0a4
/usr/bin/cmake -E cmake_link_script CMakeFiles/cmTC_ff0a4.dir/link.txt --verbose=1
/usr/bin/c++       -rdynamic CMakeFiles/cmTC_ff0a4.dir/feature_tests.cxx.o  -o cmTC_ff0a4 
make[1]: Leaving directory '/home/sid/proj/sadenstein/build/CMakeFiles/CMakeTmp'


    Feature record: CXX_FEATURE:1cxx_aggregate_default_initializers
    Feature record: CXX_FEATURE:1cxx_alias_templates
    Feature record: CXX_FEATURE:1cxx_alignas
    Feature record: CXX_FEATURE:1cxx_alignof
    Feature record: CXX_FEATURE:1cxx_attributes
    Feature record: CXX_FEATURE:1cxx_attribute_deprecated
    Feature record: CXX_FEATURE:1cxx_auto_type
    Feature record: CXX_FEATURE:1cxx_binary_literals
    Feature record: CXX_FEATURE:1cxx_constexpr
    Feature record: CXX_FEATURE:1cxx_contextual_conversions
    Feature record: CXX_FEATURE:1cxx_decltype
    Feature record: CXX_FEATURE:1cxx_decltype_auto
    Feature record: CXX_FEATURE:1cxx_decltype_incomplete_return_types
    Feature record: CXX_FEATURE:1cxx_default_function_template_args
    Feature record: CXX_FEATURE:1cxx_defaulted_functions
    Feature record: CXX_FEATURE:1cxx_defaulted_move_initializers
    Feature record: CXX_FEATURE:1cxx_delegating_constructors
    Feature record: CXX_FEATURE:1cxx_deleted_functions
    Feature record: CXX_FEATURE:1cxx_digit_separators
    Feature record: CXX_FEATURE:1cxx_enum_forward_declarations
    Feature record: CXX_FEATURE:1cxx_explicit_conversions
    Feature record: CXX_FEATURE:1cxx_extended_friend_declarations
    Feature record: CXX_FEATURE:1cxx_extern_templates
    Feature record: CXX_FEATURE:1cxx_final
    Feature record: CXX_FEATURE:1cxx_func_identifier
    Feature record: CXX_FEATURE:1cxx_generalized_initializers
    Feature record: CXX_FEATURE:1cxx_generic_lambdas
    Feature record: CXX_FEATURE:1cxx_inheriting_constructors
    Feature record: CXX_FEATURE:1cxx_inline_namespaces
    Feature record: CXX_FEATURE:1cxx_lambdas
    Feature record: CXX_FEATURE:1cxx_lambda_init_captures
    Feature record: CXX_FEATURE:1cxx_local_type_template_args
    Feature record: CXX_FEATURE:1cxx_long_long_type
    Feature record: CXX_FEATURE:1cxx_noexcept
    Feature record: CXX_FEATURE:1cxx_nonstatic_member_init
    Feature record: CXX_FEATURE:1cxx_nullptr
    Feature record: CXX_FEATURE:1cxx_override
    Feature record: CXX_FEATURE:1cxx_range_for
    Feature record: CXX_FEATURE:1cxx_raw_string_literals
    Feature record: CXX_FEATURE:1cxx_reference_qualified_functions
    Feature record: CXX_FEATURE:1cxx_relaxed_constexpr
    Feature record: CXX_FEATURE:1cxx_return_type_deduction
    Feature record: CXX_FEATURE:1cxx_right_angle_brackets
    Feature record: CXX_FEATURE:1cxx_rvalue_references
    Feature record: CXX_FEATURE:1cxx_sizeof_member
    Feature record: CXX_FEATURE:1cxx_static_assert
    Feature record: CXX_FEATURE:1cxx_strong_enums
    Feature record: CXX_FEATURE:1cxx_template_template_parameters
    Feature record: CXX_FEATURE:1cxx_thread_local
    Feature record: CXX_FEATURE:1cxx_trailing_return_types
    Feature record: CXX_FEATURE:1cxx_unicode_literals
    Feature record: CXX_FEATURE:1cxx_uniform_initialization
    Feature record: CXX_FEATURE:1cxx_unrestricted_unions
    Feature record: CXX_FEATURE:1cxx_user_literals
    Feature record: CXX_FEATURE:1cxx_variable_templates
    Feature record: CXX_FEATURE:1cxx_variadic_macros
    Feature record: CXX_FEATURE:1cxx_variadic_templates


Detecting CXX [-std=c++14] compiler features compiled with the following output:
Change Dir: /home/sid/proj/sadenstein/build/CMakeFiles/CMakeTmp

Run Build Command:"/usr/bin/make" "cmTC_c6001/fast"
/usr/bin/make -f CMakeFiles/cmTC_c6001.dir/build.make CMakeFiles/cmTC_c6001.dir/build
make[1]: Entering directory '/home/sid/proj/sadenstein/build/CMakeFiles/CMakeTmp'
Building CXX object CMakeFiles/cmTC_c6001.dir/feature_tests.cxx.o
/usr/bin/c++    -std=c++14 -o CMakeFiles/cmTC_c6001.dir/feature_tests.cxx.o -c /home/sid/proj/sadenstein/build/CMakeFiles/feature_tests.cxx
Linking CXX executable cmTC_c6001
/usr/bin/cmake -E cmake_link_script CMakeFiles/cmTC_c6001.dir/link.txt --verbose=1
/usr/bin/c++       -rdynamic CMakeFiles/cmTC_c6001.dir/feature_tests.cxx.o  -o cmTC_c6001 
make[1]: Leaving directory '/home/sid/proj/sadenstein/build/CMakeFiles/CMakeTmp'


    Feature record: CXX_FEATURE:1cxx_aggregate_default_initializers
    Feature record: CXX_FEATURE:1cxx_alias_templates
    Feature record: CXX_FEATURE:1cxx_alignas
    Feature record: CXX_FEATURE:1cxx_alignof
    Feature record: CXX_FEATURE:1cxx_attributes
    Feature record: CXX_FEATURE:1cxx_attribute_deprecated
    Feature record: CXX_FEATURE:1cxx_auto_type
    Feature record: CXX_FEATURE:1cxx_binary_literals
    Feature record: CXX_FEATURE:1cxx_constexpr
    Feature record: CXX_FEATURE:1cxx_contextual_conversions
    Feature record: CXX_FEATURE:1cxx_decltype
    Feature record: CXX_FEATURE:1cxx_decltype_auto
    Feature record: CXX_FEATURE:1cxx_decltype_incomplete_return_types
    Feature record: CXX_FEATURE:1cxx_default_function_template_args
    Feature record: CXX_FEATURE:1cxx_defaulted_functions
    Feature record: CXX_FEATURE:1cxx_defaulted_move_initializers
    Feature record: CXX_FEATURE:1cxx_delegating_constructors
    Feature record: CXX_FEATURE:1cxx_deleted_functions
    Feature record: CXX_FEATURE:1cxx_digit_separators
    Feature record: CXX_FEATURE:1cxx_enum_forward_declarations
    Feature record: CXX_FEATURE:1cxx_explicit_conversions
    Feature record: CXX_FEATURE:1cxx_extended_friend_declarations
    Feature record: CXX_FEATURE:1cxx_extern_templates
    Feature record: CXX_FEATURE:1cxx_final
    Feature record: CXX_FEATURE:1cxx_func_identifier
    Feature record: CXX_FEATURE:1cxx_generalized_initializers
    Feature record: CXX_FEATURE:1cxx_generic_lambdas
    Feature record: CXX_FEATURE:1cxx_inheriting_constructors
    Feature record: CXX_FEATURE:1cxx_inline_namespaces
    Feature record: CXX_FEATURE:1cxx_lambdas
    Feature record: CXX_FEATURE:1cxx_lambda_init_captures
    Feature record: CXX_FEATURE:1cxx_local_type_template_args
    Feature record: CXX_FEATURE:1cxx_long_long_type
    Feature record: CXX_FEATURE:1cxx_noexcept
    Feature record: CXX_FEATURE:1cxx_nonstatic_member_init
    Feature record: CXX_FEATURE:1cxx_nullptr
    Feature record: CXX_FEATURE:1cxx_override
    Feature record: CXX_FEATURE:1cxx_range_for
    Feature record: CXX_FEATURE:1cxx_raw_string_literals
    Feature record: CXX_FEATURE:1cxx_reference_qualified_functions
    Feature record: CXX_FEATURE:1cxx_relaxed_constexpr
    Feature record: CXX_FEATURE:1cxx_return_type_deduction
    Feature record: CXX_FEATURE:1cxx_right_angle_brackets
    Feature record: CXX_FEATURE:1cxx_rvalue_references
    Feature record: CXX_FEATURE:1cxx_sizeof_member
    Feature record: CXX_FEATURE:1cxx_static_assert
    Feature record: CXX_FEATURE:1cxx_strong_enums
    Feature record: CXX_FEATURE:1cxx_template_template_parameters
    Feature record: CXX_FEATURE:1cxx_thread_local
    Feature record: CXX_FEATURE:1cxx_trailing_return_types
    Feature record: CXX_FEATURE:1cxx_unicode_literals
    Feature record: CXX_FEATURE:1cxx_uniform_initialization
    Feature record: CXX_FEATURE:1cxx_unrestricted_unions
    Feature record: CXX_FEATURE:1cxx_user_literals
    Feature record: CXX_FEATURE:1cxx_variable_templates
    Feature record: CXX_FEATURE:1cxx_variadic_macros
    Feature record: CXX_FEATURE:1cxx_variadic_templates


Detecting CXX [-std=c++11] compiler features compiled with the following output:
Change Dir: /home/sid/proj/sadenstein/build/CMakeFiles/CMakeTmp

Run Build Command:"/usr/bin/make" "cmTC_c4e47/fast"
/usr/bin/make -f CMakeFiles/cmTC_c4e47.dir/build.make CMakeFiles/cmTC_c4e47.dir/build
make[1]: Entering directory '/home/sid/proj/sadenstein/build/CMakeFiles/CMakeTmp'
Building CXX object CMakeFiles/cmTC_c4e47.dir/feature_tests.cxx.o
/usr/bin/c++    -std=c++11 -o CMakeFiles/cmTC_c4e47.dir/feature_tests.cxx.o -c /home/sid/proj/sadenstein/build/CMakeFiles/feature_tests.cxx
Linking CXX executable cmTC_c4e47
/usr/bin/cmake -E cmake_link_script CMakeFiles/cmTC_c4e47.dir/link.txt --verbose=1
/usr/bin/c++       -rdynamic CMakeFiles/cmTC_c4e47.dir/feature_tests.cxx.o  -o cmTC_c4e47 
make[1]: Leaving directory '/home/sid/proj/sadenstein/build/CMakeFiles/CMakeTmp'


    Feature record: CXX_FEATURE:0cxx_aggregate_default_initializers
    Feature record: CXX_FEATURE:1cxx_alias_templates
    Feature record: CXX_FEATURE:1cxx_alignas
    Feature record: CXX_FEATURE:1cxx_alignof
    Feature record: CXX_FEATURE:1cxx_attributes
    Feature record: CXX_FEATURE:0cxx_attribute_deprecated
    Feature record: CXX_FEATURE:1cxx_auto_type
    Feature record: CXX_FEATURE:0cxx_binary_literals
    Feature record: CXX_FEATURE:1cxx_constexpr
    Feature record: CXX_FEATURE:0cxx_contextual_conversions
    Feature record: CXX_FEATURE:1cxx_decltype
    Feature record: CXX_FEATURE:0cxx_decltype_auto
    Feature record: CXX_FEATURE:1cxx_decltype_incomplete_return_types
    Feature record: CXX_FEATURE:1cxx_default_function_template_args
    Feature record: CXX_FEATURE:1cxx_defaulted_functions
    Feature record: CXX_FEATURE:1cxx_defaulted_move_initializers
    Feature record: CXX_FEATURE:1cxx_delegating_constructors
    Feature record: CXX_FEATURE:1cxx_deleted_functions
    Feature record: CXX_FEATURE:0cxx_digit_separators
    Feature record: CXX_FEATURE:1cxx_enum_forward_declarations
    Feature record: CXX_FEATURE:1cxx_explicit_conversions
    Feature record: CXX_FEATURE:1cxx_extended_friend_declarations
    Feature record: CXX_FEATURE:1cxx_extern_templates
    Feature record: CXX_FEATURE:1cxx_final
    Feature record: CXX_FEATURE:1cxx_func_identifier
    Feature record: CXX_FEATURE:1cxx_generalized_initializers
    Feature record: CXX_FEATURE:0cxx_generic_lambdas
    Feature record: CXX_FEATURE:1cxx_inheriting_constructors
    Feature record: CXX_FEATURE:1cxx_inline_namespaces
    Feature record: CXX_FEATURE:1cxx_lambdas
    Feature record: CXX_FEATURE:0cxx_lambda_init_captures
    Feature record: CXX_FEATURE:1cxx_local_type_template_args
    Feature record: CXX_FEATURE:1cxx_long_long_type
    Feature record: CXX_FEATURE:1cxx_noexcept
    Feature record: CXX_FEATURE:1cxx_nonstatic_member_init
    Feature record: CXX_FEATURE:1cxx_nullptr
    Feature record: CXX_FEATURE:1cxx_override
    Feature record: CXX_FEATURE:1cxx_range_for
    Feature record: CXX_FEATURE:1cxx_raw_string_literals
    Feature record: CXX_FEATURE:1cxx_reference_qualified_functions
    Feature record: CXX_FEATURE:0cxx_relaxed_constexpr
    Feature record: CXX_FEATURE:0cxx_return_type_deduction
    Feature record: CXX_FEATURE:1cxx_right_angle_brackets
    Feature record: CXX_FEATURE:1cxx_rvalue_references
    Feature record: CXX_FEATURE:1cxx_sizeof_member
    Feature record: CXX_FEATURE:1cxx_static_assert
    Feature record: CXX_FEATURE:1cxx_strong_enums
    Feature record: CXX_FEATURE:1cxx_template_template_parameters
    Feature record: CXX_FEATURE:1cxx_thread_local
    Feature record: CXX_FEATURE:1cxx_trailing_return_types
    Feature record: CXX_FEATURE:1cxx_unicode_literals
    Feature record: CXX_FEATURE:1cxx_uniform_initialization
    Feature record: CXX_FEATURE:1cxx_unrestricted_unions
    Feature record: CXX_FEATURE:1cxx_user_literals
    Feature record: CXX_FEATURE:0cxx_variable_templates
    Feature record: CXX_FEATURE:1cxx_variadic_macros
    Feature record: CXX_FEATURE:1cxx_variadic_templates


Detecting CXX [-std=c++98] compiler features compiled with the following output:
Change Dir: /home/sid/proj/sadenstein/build/CMakeFiles/CMakeTmp

Run Build Command:"/usr/bin/make" "cmTC_c408f/fast"
/usr/bin/make -f CMakeFiles/cmTC_c408f.dir/build.make CMakeFiles/cmTC_c408f.dir/build
make[1]: Entering directory '/home/sid/proj/sadenstein/build/CMakeFiles/CMakeTmp'
Building CXX object CMakeFiles/cmTC_c408f.dir/feature_tests.cxx.o
/usr/bin/c++    -std=c++98 -o CMakeFiles/cmTC_c408f.dir/feature_tests.cxx.o -c /home/sid/proj/sadenstein/build/CMakeFiles/feature_tests.cxx
Linking CXX executable cmTC_c408f
/usr/bin/cmake -E cmake_link_script CMakeFiles/cmTC_c408f.dir/link.txt --verbose=1
/usr/bin/c++       -rdynamic CMakeFiles/cmTC_c408f.dir/feature_tests.cxx.o  -o cmTC_c408f 
make[1]: Leaving directory '/home/sid/proj/sadenstein/build/CMakeFiles/CMakeTmp'


    Feature record: CXX_FEATURE:0cxx_aggregate_default_initializers
    Feature record: CXX_FEATURE:0cxx_alias_templates
    Feature record: CXX_FEATURE:0cxx_alignas
    Feature record: CXX_FEATURE:0cxx_alignof
    Feature record: CXX_FEATURE:0cxx_attributes
    Feature record: CXX_FEATURE:0cxx_attribute_deprecated
    Feature record: CXX_FEATURE:0cxx_auto_type
    Feature record: CXX_FEATURE:0cxx_binary_literals
    Feature record: CXX_FEATURE:0cxx_constexpr
    Feature record: CXX_FEATURE:0cxx_contextual_conversions
    Feature record: CXX_FEATURE:0cxx_decltype
    Feature record: CXX_FEATURE:0cxx_decltype_auto
    Feature record: CXX_FEATURE:0cxx_decltype_incomplete_return_types
    Feature record: CXX_FEATURE:0cxx_default_function_template_args
    Feature record: CXX_FEATURE:0cxx_defaulted_functions
    Feature record: CXX_FEATURE:0cxx_defaulted_move_initializers
    Feature record: CXX_FEATURE:0cxx_delegating_constructors
    Feature record: CXX_FEATURE:0cxx_deleted_functions
    Feature record: CXX_FEATURE:0cxx_digit_separators
    Feature record: CXX_FEATURE:0cxx_enum_forward_declarations
    Feature record: CXX_FEATURE:0cxx_explicit_conversions
    Feature record: CXX_FEATURE:0cxx_extended_friend_declarations
    Feature record: CXX_FEATURE:0cxx_extern_templates
    Feature record: CXX_FEATURE:0cxx_final
    Feature record: CXX_FEATURE:0cxx_func_identifier
    Feature record: CXX_FEATURE:0cxx_generalized_initializers
    Feature record: CXX_FEATURE:0cxx_generic_lambdas
    Feature record: CXX_FEATURE:0cxx_inheriting_constructors
    Feature record: CXX_FEATURE:0cxx_inline_namespaces
    Feature record: CXX_FEATURE:0cxx_lambdas
    Feature record: CXX_FEATURE:0cxx_lambda_init_captures
    Feature record: CXX_FEATURE:0cxx_local_type_template_args
    Feature record: CXX_FEATURE:0cxx_long_long_type
    Feature record: CXX_FEATURE:0cxx_noexcept
    Feature record: CXX_FEATURE:0cxx_nonstatic_member_init
    Feature record: CXX_FEATURE:0cxx_nullptr
    Feature record: CXX_FEATURE:0cxx_override
    Feature record: CXX_FEATURE:0cxx_range_for
    Feature record: CXX_FEATURE:0cxx_raw_string_literals
    Feature record: CXX_FEATURE:0cxx_reference_qualified_functions
    Feature record: CXX_FEATURE:0cxx_relaxed_constexpr
    Feature record: CXX_FEATURE:0cxx_return_type_deduction
    Feature record: CXX_FEATURE:0cxx_right_angle_brackets
    Feature record: CXX_FEATURE:0cxx_rvalue_references
    Feature record: CXX_FEATURE:0cxx_sizeof_member
    Feature record: CXX_FEATURE:0cxx_static_assert
    Feature record: CXX_FEATURE:0cxx_strong_enums
    Feature record: CXX_FEATURE:1cxx_template_template_parameters
    Feature record: CXX_FEATURE:0cxx_thread_local
    Feature record: CXX_FEATURE:0cxx_trailing_return_types
    Feature record: CXX_FEATURE:0cxx_unicode_literals
    Feature record: CXX_FEATURE:0cxx_uniform_initialization
    Feature record: CXX_FEATURE:0cxx_unrestricted_unions
    Feature record: CXX_FEATURE:0cxx_user_literals
    Feature record: CXX_FEATURE:0cxx_variable_templates
    Feature record: CXX_FEATURE:0cxx_variadic_macros
    Feature record: CXX_FEATURE:0cxx_variadic_templates
Performing C++ SOURCE FILE Test flag_supported succeeded with the following output:
Change Dir: /home/sid/proj/sadenstein/build/CMakeFiles/CMakeTmp

Run Build Command:"/usr/bin/make" "cmTC_9dd2f/fast"
/usr/bin/make -f CMakeFiles/cmTC_9dd2f.dir/build.make CMakeFiles/cmTC_9dd2f.dir/build
make[1]: Entering directory '/home/sid/proj/sadenstein/build/CMakeFiles/CMakeTmp'
Building CXX object CMakeFiles/cmTC_9dd2f.dir/src.cxx.o
/usr/bin/c++    -Dflag_supported   -Wall -o CMakeFiles/cmTC_9dd2f.dir/src.cxx.o -c /home/sid/proj/sadenstein/build/CMakeFiles/CMakeTmp/src.cxx
Linking CXX executable cmTC_9dd2f
/usr/bin/cmake -E cmake_link_script CMakeFiles/cmTC_9dd2f.dir/link.txt --verbose=1
/usr/bin/c++   -Dflag_supported    -rdynamic CMakeFiles/cmTC_9dd2f.dir/src.cxx.o  -o cmTC_9dd2f 
make[1]: Leaving directory '/home/sid/proj/sadenstein/build/CMakeFiles/CMakeTmp'

Source file was:
int main() { return 0; }
Performing C++ SOURCE FILE Test flag_supported succeeded with the following output:
Change Dir: /home/sid/proj/sadenstein/build/CMakeFiles/CMakeTmp

Run Build Command:"/usr/bin/make" "cmTC_910bf/fast"
/usr/bin/make -f CMakeFiles/cmTC_910bf.dir/build.make CMakeFiles/cmTC_910bf.dir/build
make[1]: Entering directory '/home/sid/proj/sadenstein/build/CMakeFiles/CMakeTmp'
Building CXX object CMakeFiles/cmTC_910bf.dir/src.cxx.o
/usr/bin/c++    -Wall -Dflag_supported   -Wextra -o CMakeFiles/cmTC_910bf.dir/src.cxx.o -c /home/sid/proj/sadenstein/build/CMakeFiles/CMakeTmp/src.cxx
Linking CXX executable cmTC_910bf
/usr/bin/cmake -E cmake_link_script CMakeFiles/cmTC_910bf.dir/link.txt --verbose=1
/usr/bin/c++   -Wall -Dflag_supported    -rdynamic CMakeFiles/cmTC_910bf.dir/src.cxx.o  -o cmTC_910bf 
make[1]: Leaving directory '/home/sid/proj/sadenstein/build/CMakeFiles/CMakeTmp'

Source file was:
int main() { return 0; }
Performing C++ SOURCE FILE Test flag_supported succeeded with the following output:
Change Dir: /home/sid/proj/sadenstein/build/CMakeFiles/CMakeTmp

Run Build Command:"/usr/bin/make" "cmTC_068ef/fast"
/usr/bin/make -f CMakeFiles/cmTC_068ef.dir/build.make CMakeFiles/cmTC_068ef.dir/build
make[1]: Entering directory '/home/sid/proj/sadenstein/build/CMakeFiles/CMakeTmp'
Building CXX object CMakeFiles/cmTC_068ef.dir/src.cxx.o
/usr/bin/c++    -Wall -Wextra -Dflag_supported   -pedantic -o CMakeFiles/cmTC_068ef.dir/src.cxx.o -c /home/sid/proj/sadenstein/build/CMakeFiles/CMakeTmp/src.cxx
Linking CXX executable cmTC_068ef
/usr/bin/cmake -E cmake_link_script CMakeFiles/cmTC_068ef.dir/link.txt --verbose=1
/usr/bin/c++   -Wall -Wextra -Dflag_supported    -rdynamic CMakeFiles/cmTC_068ef.dir/src.cxx.o  -o cmTC_068ef 
make[1]: Leaving directory '/home/sid/proj/sadenstein/build/CMakeFiles/CMakeTmp'

Source file was:
int main() { return 0; }
Performing C++ SOURCE FILE Test flag_supported succeeded with the following output:
Change Dir: /home/sid/proj/sadenstein/build/CMakeFiles/CMakeTmp

Run Build Command:"/usr/bin/make" "cmTC_eb438/fast"
/usr/bin/make -f CMakeFiles/cmTC_eb438.dir/build.make CMakeFiles/cmTC_eb438.dir/build
make[1]: Entering directory '/home/sid/proj/sadenstein/build/CMakeFiles/CMakeTmp'
Building CXX object CMakeFiles/cmTC_eb438.dir/src.cxx.o
/usr/bin/c++    -Wall -Wextra -pedantic -Dflag_supported   -std=c++11 -o CMakeFiles/cmTC_eb438.dir/src.cxx.o -c /home/sid/proj/sadenstein/build/CMakeFiles/CMakeTmp/src.cxx
Linking CXX executable cmTC_eb438
/usr/bin/cmake -E cmake_link_script CMakeFiles/cmTC_eb438.dir/link.txt --verbose=1
/usr/bin/c++   -Wall -Wextra -pedantic -Dflag_supported    -rdynamic CMakeFiles/cmTC_eb438.dir/src.cxx.o  -o cmTC_eb438 
make[1]: Leaving directory '/home/sid/proj/sadenstein/build/CMakeFiles/CMakeTmp'

Source file was:
int main() { return 0; }
Performing C++ SOURCE FILE Test flag_supported succeeded with the following output:
Change Dir: /home/sid/proj/sadenstein/build/CMakeFiles/CMakeTmp

Run Build Command:"/usr/bin/make" "cmTC_7f82a/fast"
/usr/bin/make -f CMakeFiles/cmTC_7f82a.dir/build.make CMakeFiles/cmTC_7f82a.dir/build
make[1]: Entering directory '/home/sid/proj/sadenstein/build/CMakeFiles/CMakeTmp'
Building CXX object CMakeFiles/cmTC_7f82a.dir/src.cxx.o
/usr/bin/c++    -Wall -Wextra -pedantic -std=c++11 -Dflag_supported   -O3 -o CMakeFiles/cmTC_7f82a.dir/src.cxx.o -c /home/sid/proj/sadenstein/build/CMakeFiles/CMakeTmp/src.cxx
Linking CXX executable cmTC_7f82a
/usr/bin/cmake -E cmake_link_script CMakeFiles/cmTC_7f82a.dir/link.txt --verbose=1
/usr/bin/c++   -Wall -Wextra -pedantic -std=c++11 -Dflag_supported    -rdynamic CMakeFiles/cmTC_7f82a.dir/src.cxx.o  -o cmTC_7f82a 
make[1]: Leaving directory '/home/sid/proj/sadenstein/build/CMakeFiles/CMakeTmp'

Source file was:
int main() { return 0; }
Determining if the include file pthread.h exists passed with the following output:
Change Dir: /home/sid/proj/sadenstein/build/CMakeFiles/CMakeTmp

Run Build Command:"/usr/bin/make" "cmTC_d7b71/fast"
/usr/bin/make -f CMakeFiles/cmTC_d7b71.dir/build.make CMakeFiles/cmTC_d7b71.dir/build
make[1]: Entering directory '/home/sid/proj/sadenstein/build/CMakeFiles/CMakeTmp'
Building C object CMakeFiles/cmTC_d7b71.dir/CheckIncludeFile.c.o
/usr/bin/cc    -o CMakeFiles/cmTC_d7b71.dir/CheckIncludeFile.c.o   -c /home/sid/proj/sadenstein/build/CMakeFiles/CMakeTmp/CheckIncludeFile.c
Linking C executable cmTC_d7b71
/usr/bin/cmake -E cmake_link_script CMakeFiles/cmTC_d7b71.dir/link.txt --verbose=1
/usr/bin/cc      -rdynamic CMakeFiles/cmTC_d7b71.dir/CheckIncludeFile.c.o  -o cmTC_d7b71 
make[1]: Leaving directory '/home/sid/proj/sadenstein/build/CMakeFiles/CMakeTmp'


Determining if the function pthread_create exists in the pthread passed with the following output:
Change Dir: /home/sid/proj/sadenstein/build/CMakeFiles/CMakeTmp

Run Build Command:"/usr/bin/make" "cmTC_86f27/fast"
/usr/bin/make -f CMakeFiles/cmTC_86f27.dir/build.make CMakeFiles/cmTC_86f27.dir/build
make[1]: Entering directory '/home/sid/proj/sadenstein/build/CMakeFiles/CMakeTmp'
Building C object CMakeFiles/cmTC_86f27.dir/CheckFunctionExists.c.o
/usr/bin/cc   -DCHECK_FUNCTION_EXISTS=pthread_create   -o CMakeFiles/cmTC_86f27.dir/CheckFunctionExists.c.o   -c /usr/share/cmake-3.10/Modules/CheckFunctionExists.c
Linking C executable cmTC_86f27
/usr/bin/cmake -E cmake_link_script CMakeFiles/cmTC_86f27.dir/link.txt --verbose=1
/usr/bin/cc  -DCHECK_FUNCTION_EXISTS=pthread_create    -rdynamic CMakeFiles/cmTC_86f27.dir/CheckFunctionExists.c.o  -o cmTC_86f27 -lpthread 
make[1]: Leaving directory '/home/sid/proj/sadenstein/build/CMakeFiles/CMakeTmp'


Performing C++ SOURCE FILE Test flag_supported succeeded with the following output:
Change Dir: /home/sid/proj/sadenstein/build/CMakeFiles/CMakeTmp

Run Build Command:"/usr/bin/make" "cmTC_ffc5e/fast"
/usr/bin/make -f CMakeFiles/cmTC_ffc5e.dir/build.make CMakeFiles/cmTC_ffc5e.dir/build
make[1]: Entering directory '/home/sid/proj/sadenstein/build/CMakeFiles/CMakeTmp'
Building CXX object CMakeFiles/cmTC_ffc5e.dir/src.cxx.o
/usr/bin/c++    -Dflag_supported   -Wall -o CMakeFiles/cmTC_ffc5e.dir/src.cxx.o -c /home/sid/proj/sadenstein/build/CMakeFiles/CMakeTmp/src.cxx
Linking CXX executable cmTC_ffc5e
/usr/bin/cmake -E cmake_link_script CMakeFiles/cmTC_ffc5e.dir/link.txt --verbose=1
/usr/bin/c++   -Dflag_supported    -rdynamic CMakeFiles/cmTC_ffc5e.dir/src.cxx.o  -o cmTC_ffc5e 
make[1]: Leaving directory '/home/sid/proj/sadenstein/build/CMakeFiles/CMakeTmp'

Source file was:
int main() { return 0; }
Performing C++ SOURCE FILE Test flag_supported succeeded with the following output:
Change Dir: /home/sid/proj/sadenstein/build/CMakeFiles/CMakeTmp

Run Build Command:"/usr/bin/make" "cmTC_bff48/fast"
/usr/bin/make -f CMakeFiles/cmTC_bff48.dir/build.make CMakeFiles/cmTC_bff48.dir/build
make[1]: Entering directory '/home/sid/proj/sadenstein/build/CMakeFiles/CMakeTmp'
Building CXX object CMakeFiles/cmTC_bff48.dir/src.cxx.o
/usr/bin/c++    -Wall -Dflag_supported   -Wextra -o CMakeFiles/cmTC_bff48.dir/src.cxx.o -c /home/sid/proj/sadenstein/build/CMakeFiles/CMakeTmp/src.cxx
Linking CXX executable cmTC_bff48
/usr/bin/cmake -E cmake_link_script CMakeFiles/cmTC_bff48.dir/link.txt --verbose=1
/usr/bin/c++   -Wall -Dflag_supported    -rdynamic CMakeFiles/cmTC_bff48.dir/src.cxx.o  -o cmTC_bff48 
make[1]: Leaving directory '/home/sid/proj/sadenstein/build/CMakeFiles/CMakeTmp'

Source file was:
int main() { return 0; }
Performing C++ SOURCE FILE Test flag_supported succeeded with the following output:
Change Dir: /home/sid/proj/sadenstein/build/CMakeFiles/CMakeTmp

Run Build Command:"/usr/bin/make" "cmTC_7b3f2/fast"
/usr/bin/make -f CMakeFiles/cmTC_7b3f2.dir/build.make CMakeFiles/cmTC_7b3f2.dir/build
make[1]: Entering directory '/home/sid/proj/sadenstein/build/CMakeFiles/CMakeTmp'
Building CXX object CMakeFiles/cmTC_7b3f2.dir/src.cxx.o
/usr/bin/c++    -Wall -Wextra -Dflag_supported   -pedantic -o CMakeFiles/cmTC_7b3f2.dir/src.cxx.o -c /home/sid/proj/sadenstein/build/CMakeFiles/CMakeTmp/src.cxx
Linking CXX executable cmTC_7b3f2
/usr/bin/cmake -E cmake_link_script CMakeFiles/cmTC_7b3f2.dir/link.txt --verbose=1
/usr/bin/c++   -Wall -Wextra -Dflag_supported    -rdynamic CMakeFiles/cmTC_7b3f2.dir/src.cxx.o  -o cmTC_7b3f2 
make[1]: Leaving directory '/home/sid/proj/sadenstein/build/CMakeFiles/CMakeTmp'

Source file was:
int main() { return 0; }
Performing C++ SOURCE FILE Test flag_supported succeeded with the following output:
Change Dir: /home/sid/proj/sadenstein/build/CMakeFiles/CMakeTmp

Run Build Command:"/usr/bin/make" "cmTC_a784c/fast"
/usr/bin/make -f CMakeFiles/cmTC_a784c.dir/build.make CMakeFiles/cmTC_a784c.dir/build
make[1]: Entering directory '/home/sid/proj/sadenstein/build/CMakeFiles/CMakeTmp'
Building CXX object CMakeFiles/cmTC_a784c.dir/src.cxx.o
/usr/bin/c++    -Wall -Wextra -pedantic -Dflag_supported   -std=c++11 -o CMakeFiles/cmTC_a784c.dir/src.cxx.o -c /home/sid/proj/sadenstein/build/CMakeFiles/CMakeTmp/src.cxx
Linking CXX executable cmTC_a784c
/usr/bin/cmake -E cmake_link_script CMakeFiles/cmTC_a784c.dir/link.txt --verbose=1
/usr/bin/c++   -Wall -Wextra -pedantic -Dflag_supported    -rdynamic CMakeFiles/cmTC_a784c.dir/src.cxx.o  -o cmTC_a784c 
make[1]: Leaving directory '/home/sid/proj/sadenstein/build/CMakeFiles/CMakeTmp'

Source file was:
int main() { return 0; }
Performing C++ SOURCE FILE Test flag_supported succeeded with the following output:
Change Dir: /home/sid/proj/sadenstein/build/CMakeFiles/CMakeTmp

Run Build Command:"/usr/bin/make" "cmTC_ada52/fast"
/usr/bin/make -f CMakeFiles/cmTC_ada52.dir/build.make CMakeFiles/cmTC_ada52.dir/build
make[1]: Entering directory '/home/sid/proj/sadenstein/build/CMakeFiles/CMakeTmp'
Building CXX object CMakeFiles/cmTC_ada52.dir/src.cxx.o
/usr/bin/c++    -Wall -Wextra -pedantic -std=c++11 -Dflag_supported   -O3 -o CMakeFiles/cmTC_ada52.dir/src.cxx.o -c /home/sid/proj/sadenstein/build/CMakeFiles/CMakeTmp/src.cxx
Linking CXX executable cmTC_ada52
/usr/bin/cmake -E cmake_link_script CMakeFiles/cmTC_ada52.dir/link.txt --verbose=1
/usr/bin/c++   -Wall -Wextra -pedantic -std=c++11 -Dflag_supported    -rdynamic CMakeFiles/cmTC_ada52.dir/src.cxx.o  -o cmTC_ada52 
make[1]: Leaving directory '/home/sid/proj/sadenstein/build/CMakeFiles/CMakeTmp'

Source file was:
int main() { return 0; }
Performing C++ SOURCE FILE Test flag_supported succeeded with the following output:
Change Dir: /home/sid/proj/sadenstein/build/CMakeFiles/CMakeTmp

Run Build Command:"/usr/bin/make" "cmTC_05810/fast"
/usr/bin/make -f CMakeFiles/cmTC_05810.dir/build.make CMakeFiles/cmTC_05810.dir/build
make[1]: Entering directory '/home/sid/proj/sadenstein/build/CMakeFiles/CMakeTmp'
Building CXX object CMakeFiles/cmTC_05810.dir/src.cxx.o
/usr/bin/c++    -Dflag_supported   -Wall -o CMakeFiles/cmTC_05810.dir/src.cxx.o -c /home/sid/proj/sadenstein/build/CMakeFiles/CMakeTmp/src.cxx
Linking CXX executable cmTC_05810
/usr/bin/cmake -E cmake_link_script CMakeFiles/cmTC_05810.dir/link.txt --verbose=1
/usr/bin/c++   -Dflag_supported    -rdynamic CMakeFiles/cmTC_05810.dir/src.cxx.o  -o cmTC_05810 
make[1]: Leaving directory '/home/sid/proj/sadenstein/build/CMakeFiles/CMakeTmp'

Source file was:
int main() { return 0; }
Performing C++ SOURCE FILE Test flag_supported succeeded with the following output:
Change Dir: /home/sid/proj/sadenstein/build/CMakeFiles/CMakeTmp

Run Build Command:"/usr/bin/make" "cmTC_1ec1d/fast"
/usr/bin/make -f CMakeFiles/cmTC_1ec1d.dir/build.make CMakeFiles/cmTC_1ec1d.dir/build
make[1]: Entering directory '/home/sid/proj/sadenstein/build/CMakeFiles/CMakeTmp'
Building CXX object CMakeFiles/cmTC_1ec1d.dir/src.cxx.o
/usr/bin/c++    -Wall -Dflag_supported   -Wextra -o CMakeFiles/cmTC_1ec1d.dir/src.cxx.o -c /home/sid/proj/sadenstein/build/CMakeFiles/CMakeTmp/src.cxx
Linking CXX executable cmTC_1ec1d
/usr/bin/cmake -E cmake_link_script CMakeFiles/cmTC_1ec1d.dir/link.txt --verbose=1
/usr/bin/c++   -Wall -Dflag_supported    -rdynamic CMakeFiles/cmTC_1ec1d.dir/src.cxx.o  -o cmTC_1ec1d 
make[1]: Leaving directory '/home/sid/proj/sadenstein/build/CMakeFiles/CMakeTmp'

Source file was:
int main() { return 0; }
Performing C++ SOURCE FILE Test flag_supported succeeded with the following output:
Change Dir: /home/sid/proj/sadenstein/build/CMakeFiles/CMakeTmp

Run Build Command:"/usr/bin/make" "cmTC_3faf8/fast"
/usr/bin/make -f CMakeFiles/cmTC_3faf8.dir/build.make CMakeFiles/cmTC_3faf8.dir/build
make[1]: Entering directory '/home/sid/proj/sadenstein/build/CMakeFiles/CMakeTmp'
Building CXX object CMakeFiles/cmTC_3faf8.dir/src.cxx.o
/usr/bin/c++    -Wall -Wextra -Dflag_supported   -pedantic -o CMakeFiles/cmTC_3faf8.dir/src.cxx.o -c /home/sid/proj/sadenstein/build/CMakeFiles/CMakeTmp/src.cxx
Linking CXX executable cmTC_3faf8
/usr/bin/cmake -E cmake_link_script CMakeFiles/cmTC_3faf8.dir/link.txt --verbose=1
/usr/bin/c++   -Wall -Wextra -Dflag_supported    -rdynamic CMakeFiles/cmTC_3faf8.dir/src.cxx.o  -o cmTC_3faf8 
make[1]: Leaving directory '/home/sid/proj/sadenstein/build/CMakeFiles/CMakeTmp'

Source file was:
int main() { return 0; }
Performing C++ SOURCE FILE Test flag_supported succeeded with the following output:
Change Dir: /home/sid/proj/sadenstein/build/CMakeFiles/CMakeTmp

Run Build Command:"/usr/bin/make" "cmTC_a1590/fast"
/usr/bin/make -f CMakeFiles/cmTC_a1590.dir/build.make CMakeFiles/cmTC_a1590.dir/build
make[1]: Entering directory '/home/sid/proj/sadenstein/build/CMakeFiles/CMakeTmp'
Building CXX object CMakeFiles/cmTC_a1590.dir/src.cxx.o
/usr/bin/c++    -Wall -Wextra -pedantic -Dflag_supported   -std=c++11 -o CMakeFiles/cmTC_a1590.dir/src.cxx.o -c /home/sid/proj/sadenstein/build/CMakeFiles/CMakeTmp/src.cxx
Linking CXX executable cmTC_a1590
/usr/bin/cmake -E cmake_link_script CMakeFiles/cmTC_a1590.dir/link.txt --verbose=1
/usr/bin/c++   -Wall -Wextra -pedantic -Dflag_supported    -rdynamic CMakeFiles/cmTC_a1590.dir/src.cxx.o  -o cmTC_a1590 
make[1]: Leaving directory '/home/sid/proj/sadenstein/build/CMakeFiles/CMakeTmp'

Source file was:
int main() { return 0; }
Performing C++ SOURCE FILE Test flag_supported succeeded with the following output:
Change Dir: /home/sid/proj/sadenstein/build/CMakeFiles/CMakeTmp

Run Build Command:"/usr/bin/make" "cmTC_f696a/fast"
/usr/bin/make -f CMakeFiles/cmTC_f696a.dir/build.make CMakeFiles/cmTC_f696a.dir/build
make[1]: Entering directory '/home/sid/proj/sadenstein/build/CMakeFiles/CMakeTmp'
Building CXX object CMakeFiles/cmTC_f696a.dir/src.cxx.o
/usr/bin/c++    -Wall -Wextra -pedantic -std=c++11 -Dflag_supported   -O3 -o CMakeFiles/cmTC_f696a.dir/src.cxx.o -c /home/sid/proj/sadenstein/build/CMakeFiles/CMakeTmp/src.cxx
Linking CXX executable cmTC_f696a
/usr/bin/cmake -E cmake_link_script CMakeFiles/cmTC_f696a.dir/link.txt --verbose=1
/usr/bin/c++   -Wall -Wextra -pedantic -std=c++11 -Dflag_supported    -rdynamic CMakeFiles/cmTC_f696a.dir/src.cxx.o  -o cmTC_f696a 
make[1]: Leaving directory '/home/sid/proj/sadenstein/build/CMakeFiles/CMakeTmp'

Source file was:
int main() { return 0; }
Performing C++ SOURCE FILE Test flag_supported succeeded with the following output:
Change Dir: /home/sid/proj/sadenstein/build/CMakeFiles/CMakeTmp

Run Build Command:"/usr/bin/make" "cmTC_b88b7/fast"
/usr/bin/make -f CMakeFiles/cmTC_b88b7.dir/build.make CMakeFiles/cmTC_b88b7.dir/build
make[1]: Entering directory '/home/sid/proj/sadenstein/build/CMakeFiles/CMakeTmp'
Building CXX object CMakeFiles/cmTC_b88b7.dir/src.cxx.o
/usr/bin/c++    -Dflag_supported   -Wall -o CMakeFiles/cmTC_b88b7.dir/src.cxx.o -c /home/sid/proj/sadenstein/build/CMakeFiles/CMakeTmp/src.cxx
Linking CXX executable cmTC_b88b7
/usr/bin/cmake -E cmake_link_script CMakeFiles/cmTC_b88b7.dir/link.txt --verbose=1
/usr/bin/c++   -Dflag_supported    -rdynamic CMakeFiles/cmTC_b88b7.dir/src.cxx.o  -o cmTC_b88b7 
make[1]: Leaving directory '/home/sid/proj/sadenstein/build/CMakeFiles/CMakeTmp'

Source file was:
int main() { return 0; }
Performing C++ SOURCE FILE Test flag_supported succeeded with the following output:
Change Dir: /home/sid/proj/sadenstein/build/CMakeFiles/CMakeTmp

Run Build Command:"/usr/bin/make" "cmTC_10206/fast"
/usr/bin/make -f CMakeFiles/cmTC_10206.dir/build.make CMakeFiles/cmTC_10206.dir/build
make[1]: Entering directory '/home/sid/proj/sadenstein/build/CMakeFiles/CMakeTmp'
Building CXX object CMakeFiles/cmTC_10206.dir/src.cxx.o
/usr/bin/c++    -Wall -Dflag_supported   -Wextra -o CMakeFiles/cmTC_10206.dir/src.cxx.o -c /home/sid/proj/sadenstein/build/CMakeFiles/CMakeTmp/src.cxx
Linking CXX executable cmTC_10206
/usr/bin/cmake -E cmake_link_script CMakeFiles/cmTC_10206.dir/link.txt --verbose=1
/usr/bin/c++   -Wall -Dflag_supported    -rdynamic CMakeFiles/cmTC_10206.dir/src.cxx.o  -o cmTC_10206 
make[1]: Leaving directory '/home/sid/proj/sadenstein/build/CMakeFiles/CMakeTmp'

Source file was:
int main() { return 0; }
Performing C++ SOURCE FILE Test flag_supported succeeded with the following output:
Change Dir: /home/sid/proj/sadenstein/build/CMakeFiles/CMakeTmp

Run Build Command:"/usr/bin/make" "cmTC_c0599/fast"
/usr/bin/make -f CMakeFiles/cmTC_c0599.dir/build.make CMakeFiles/cmTC_c0599.dir/build
make[1]: Entering directory '/home/sid/proj/sadenstein/build/CMakeFiles/CMakeTmp'
Building CXX object CMakeFiles/cmTC_c0599.dir/src.cxx.o
/usr/bin/c++    -Wall -Wextra -Dflag_supported   -pedantic -o CMakeFiles/cmTC_c0599.dir/src.cxx.o -c /home/sid/proj/sadenstein/build/CMakeFiles/CMakeTmp/src.cxx
Linking CXX executable cmTC_c0599
/usr/bin/cmake -E cmake_link_script CMakeFiles/cmTC_c0599.dir/link.txt --verbose=1
/usr/bin/c++   -Wall -Wextra -Dflag_supported    -rdynamic CMakeFiles/cmTC_c0599.dir/src.cxx.o  -o cmTC_c0599 
make[1]: Leaving directory '/home/sid/proj/sadenstein/build/CMakeFiles/CMakeTmp'

Source file was:
int main() { return 0; }
Performing C++ SOURCE FILE Test flag_supported succeeded with the following output:
Change Dir: /home/sid/proj/sadenstein/build/CMakeFiles/CMakeTmp

Run Build Command:"/usr/bin/make" "cmTC_20601/fast"
/usr/bin/make -f CMakeFiles/cmTC_20601.dir/build.make CMakeFiles/cmTC_20601.dir/build
make[1]: Entering directory '/home/sid/proj/sadenstein/build/CMakeFiles/CMakeTmp'
Building CXX object CMakeFiles/cmTC_20601.dir/src.cxx.o
/usr/bin/c++    -Wall -Wextra -pedantic -Dflag_supported   -std=c++11 -o CMakeFiles/cmTC_20601.dir/src.cxx.o -c /home/sid/proj/sadenstein/build/CMakeFiles/CMakeTmp/src.cxx
Linking CXX executable cmTC_20601
/usr/bin/cmake -E cmake_link_script CMakeFiles/cmTC_20601.dir/link.txt --verbose=1
/usr/bin/c++   -Wall -Wextra -pedantic -Dflag_supported    -rdynamic CMakeFiles/cmTC_20601.dir/src.cxx.o  -o cmTC_20601 
make[1]: Leaving directory '/home/sid/proj/sadenstein/build/CMakeFiles/CMakeTmp'

Source file was:
int main() { return 0; }
Performing C++ SOURCE FILE Test flag_supported succeeded with the following output:
Change Dir: /home/sid/proj/sadenstein/build/CMakeFiles/CMakeTmp

Run Build Command:"/usr/bin/make" "cmTC_6bb65/fast"
/usr/bin/make -f CMakeFiles/cmTC_6bb65.dir/build.make CMakeFiles/cmTC_6bb65.dir/build
make[1]: Entering directory '/home/sid/proj/sadenstein/build/CMakeFiles/CMakeTmp'
Building CXX object CMakeFiles/cmTC_6bb65.dir/src.cxx.o
/usr/bin/c++    -Wall -Wextra -pedantic -std=c++11 -Dflag_supported   -O3 -o CMakeFiles/cmTC_6bb65.dir/src.cxx.o -c /home/sid/proj/sadenstein/build/CMakeFiles/CMakeTmp/src.cxx
Linking CXX executable cmTC_6bb65
/usr/bin/cmake -E cmake_link_script CMakeFiles/cmTC_6bb65.dir/link.txt --verbose=1
/usr/bin/c++   -Wall -Wextra -pedantic -std=c++11 -Dflag_supported    -rdynamic CMakeFiles/cmTC_6bb65.dir/src.cxx.o  -o cmTC_6bb65 
make[1]: Leaving directory '/home/sid/proj/sadenstein/build/CMakeFiles/CMakeTmp'

Source file was:
int main() { return 0; }
Performing C++ SOURCE FILE Test flag_supported succeeded with the following output:
Change Dir: /home/sid/proj/sadenstein/build/CMakeFiles/CMakeTmp

Run Build Command:"/usr/bin/make" "cmTC_31d5e/fast"
/usr/bin/make -f CMakeFiles/cmTC_31d5e.dir/build.make CMakeFiles/cmTC_31d5e.dir/build
make[1]: Entering directory '/home/sid/proj/sadenstein/build/CMakeFiles/CMakeTmp'
Building CXX object CMakeFiles/cmTC_31d5e.dir/src.cxx.o
/usr/bin/c++    -Dflag_supported   -Wall -o CMakeFiles/cmTC_31d5e.dir/src.cxx.o -c /home/sid/proj/sadenstein/build/CMakeFiles/CMakeTmp/src.cxx
Linking CXX executable cmTC_31d5e
/usr/bin/cmake -E cmake_link_script CMakeFiles/cmTC_31d5e.dir/link.txt --verbose=1
/usr/bin/c++   -Dflag_supported    -rdynamic CMakeFiles/cmTC_31d5e.dir/src.cxx.o  -o cmTC_31d5e 
make[1]: Leaving directory '/home/sid/proj/sadenstein/build/CMakeFiles/CMakeTmp'

Source file was:
int main() { return 0; }
Performing C++ SOURCE FILE Test flag_supported succeeded with the following output:
Change Dir: /home/sid/proj/sadenstein/build/CMakeFiles/CMakeTmp

Run Build Command:"/usr/bin/make" "cmTC_c1b28/fast"
/usr/bin/make -f CMakeFiles/cmTC_c1b28.dir/build.make CMakeFiles/cmTC_c1b28.dir/build
make[1]: Entering directory '/home/sid/proj/sadenstein/build/CMakeFiles/CMakeTmp'
Building CXX object CMakeFiles/cmTC_c1b28.dir/src.cxx.o
/usr/bin/c++    -Wall -Dflag_supported   -Wextra -o CMakeFiles/cmTC_c1b28.dir/src.cxx.o -c /home/sid/proj/sadenstein/build/CMakeFiles/CMakeTmp/src.cxx
Linking CXX executable cmTC_c1b28
/usr/bin/cmake -E cmake_link_script CMakeFiles/cmTC_c1b28.dir/link.txt --verbose=1
/usr/bin/c++   -Wall -Dflag_supported    -rdynamic CMakeFiles/cmTC_c1b28.dir/src.cxx.o  -o cmTC_c1b28 
make[1]: Leaving directory '/home/sid/proj/sadenstein/build/CMakeFiles/CMakeTmp'

Source file was:
int main() { return 0; }
Performing C++ SOURCE FILE Test flag_supported succeeded with the following output:
Change Dir: /home/sid/proj/sadenstein/build/CMakeFiles/CMakeTmp

Run Build Command:"/usr/bin/make" "cmTC_0192a/fast"
/usr/bin/make -f CMakeFiles/cmTC_0192a.dir/build.make CMakeFiles/cmTC_0192a.dir/build
make[1]: Entering directory '/home/sid/proj/sadenstein/build/CMakeFiles/CMakeTmp'
Building CXX object CMakeFiles/cmTC_0192a.dir/src.cxx.o
/usr/bin/c++    -Wall -Wextra -Dflag_supported   -pedantic -o CMakeFiles/cmTC_0192a.dir/src.cxx.o -c /home/sid/proj/sadenstein/build/CMakeFiles/CMakeTmp/src.cxx
Linking CXX executable cmTC_0192a
/usr/bin/cmake -E cmake_link_script CMakeFiles/cmTC_0192a.dir/link.txt --verbose=1
/usr/bin/c++   -Wall -Wextra -Dflag_supported    -rdynamic CMakeFiles/cmTC_0192a.dir/src.cxx.o  -o cmTC_0192a 
make[1]: Leaving directory '/home/sid/proj/sadenstein/build/CMakeFiles/CMakeTmp'

Source file was:
int main() { return 0; }
Performing C++ SOURCE FILE Test flag_supported succeeded with the following output:
Change Dir: /home/sid/proj/sadenstein/build/CMakeFiles/CMakeTmp

Run Build Command:"/usr/bin/make" "cmTC_3910c/fast"
/usr/bin/make -f CMakeFiles/cmTC_3910c.dir/build.make CMakeFiles/cmTC_3910c.dir/build
make[1]: Entering directory '/home/sid/proj/sadenstein/build/CMakeFiles/CMakeTmp'
Building CXX object CMakeFiles/cmTC_3910c.dir/src.cxx.o
/usr/bin/c++    -Wall -Wextra -pedantic -Dflag_supported   -std=c++11 -o CMakeFiles/cmTC_3910c.dir/src.cxx.o -c /home/sid/proj/sadenstein/build/CMakeFiles/CMakeTmp/src.cxx
Linking CXX executable cmTC_3910c
/usr/bin/cmake -E cmake_link_script CMakeFiles/cmTC_3910c.dir/link.txt --verbose=1
/usr/bin/c++   -Wall -Wextra -pedantic -Dflag_supported    -rdynamic CMakeFiles/cmTC_3910c.dir/src.cxx.o  -o cmTC_3910c 
make[1]: Leaving directory '/home/sid/proj/sadenstein/build/CMakeFiles/CMakeTmp'

Source file was:
int main() { return 0; }
Performing C++ SOURCE FILE Test flag_supported succeeded with the following output:
Change Dir: /home/sid/proj/sadenstein/build/CMakeFiles/CMakeTmp

Run Build Command:"/usr/bin/make" "cmTC_d1d83/fast"
/usr/bin/make -f CMakeFiles/cmTC_d1d83.dir/build.make CMakeFiles/cmTC_d1d83.dir/build
make[1]: Entering directory '/home/sid/proj/sadenstein/build/CMakeFiles/CMakeTmp'
Building CXX object CMakeFiles/cmTC_d1d83.dir/src.cxx.o
/usr/bin/c++    -Wall -Wextra -pedantic -std=c++11 -Dflag_supported   -O3 -o CMakeFiles/cmTC_d1d83.dir/src.cxx.o -c /home/sid/proj/sadenstein/build/CMakeFiles/CMakeTmp/src.cxx
Linking CXX executable cmTC_d1d83
/usr/bin/cmake -E cmake_link_script CMakeFiles/cmTC_d1d83.dir/link.txt --verbose=1
/usr/bin/c++   -Wall -Wextra -pedantic -std=c++11 -Dflag_supported    -rdynamic CMakeFiles/cmTC_d1d83.dir/src.cxx.o  -o cmTC_d1d83 
make[1]: Leaving directory '/home/sid/proj/sadenstein/build/CMakeFiles/CMakeTmp'

Source file was:
int main() { return 0; }
